2026-03-29 12:27:35 WARNING  [static_analyzer:31] Unsupported programming language: CSS. Skipping.
2026-03-29 12:27:35 WARNING  [static_analyzer:31] Unsupported programming language: HTML. Skipping.
2026-03-29 12:27:35 WARNING  [static_analyzer:31] Unsupported programming language: JSON. Skipping.
2026-03-29 12:27:39 INFO     [static_analyzer.typescript_config_scanner:52] Found 1 TypeScript project(s) in repository
2026-03-29 12:27:39 INFO     [static_analyzer:45] Creating TypeScript client for project at: web
2026-03-29 12:27:42 INFO     [static_analyzer.typescript_config_scanner:52] Found 1 TypeScript project(s) in repository
2026-03-29 12:27:42 INFO     [static_analyzer:45] Creating TypeScript client for project at: web
2026-03-29 12:27:42 INFO     [static_analyzer:141] Starting LSP client for JavaScript
2026-03-29 12:27:42 INFO     [static_analyzer.lsp_client.typescript_client:44] node_modules found at: /Volumes/MACPC SSD/Downloads/Tech/Link2Video App 2/web/node_modules
2026-03-29 12:27:42 INFO     [static_analyzer.lsp_client.client:139] Starting server /Applications/Antigravity.app/Contents/Frameworks/Antigravity Helper (Plugin).app/Contents/MacOS/Antigravity Helper (Plugin) /Users/dw/.codeboarding/servers/node_modules/typescript-language-server/lib/cli.mjs --stdio --log-level=2...
2026-03-29 12:27:42 INFO     [static_analyzer.lsp_client.typescript_client:57] Initializing connection for javascript...
2026-03-29 12:27:42 INFO     [static_analyzer.lsp_client.typescript_client:88] Initialization successful.
2026-03-29 12:27:53 INFO     [static_analyzer.lsp_client.typescript_client:115] Found 72 TypeScript/JavaScript files
2026-03-29 12:27:53 INFO     [static_analyzer.lsp_client.typescript_client:156] Found configuration file: /Volumes/MACPC SSD/Downloads/Tech/Link2Video App 2/web/tsconfig.json
2026-03-29 12:27:53 INFO     [static_analyzer.lsp_client.typescript_client:156] Found configuration file: /Volumes/MACPC SSD/Downloads/Tech/Link2Video App 2/web/package.json
2026-03-29 12:27:53 INFO     [static_analyzer.lsp_client.typescript_client:167] Opening sample files to bootstrap TypeScript project...
2026-03-29 12:27:53 INFO     [static_analyzer.lsp_client.typescript_client:186] Waiting 5s for TypeScript server to initialize project...
2026-03-29 12:27:58 INFO     [static_analyzer.lsp_client.typescript_client:191] TypeScript project successfully loaded!
2026-03-29 12:27:58 INFO     [static_analyzer.lsp_client.client:460] Sending workspace configuration for javascript...
2026-03-29 12:27:58 INFO     [static_analyzer.lsp_client.client:468] Workspace configuration sent for javascript
2026-03-29 12:27:58 INFO     [static_analyzer:141] Starting LSP client for TSX
2026-03-29 12:27:58 INFO     [static_analyzer.lsp_client.client:139] Starting server /Applications/Antigravity.app/Contents/Frameworks/Antigravity Helper (Plugin).app/Contents/MacOS/Antigravity Helper (Plugin) /Users/dw/.codeboarding/servers/node_modules/typescript-language-server/lib/cli.mjs --stdio --log-level=2...
2026-03-29 12:27:58 INFO     [static_analyzer.lsp_client.client:411] Initializing connection for tsx...
2026-03-29 12:27:58 WARNING  [static_analyzer.lsp_client.language_settings:96] Unknown language ID: tsx. No LSP settings available.
2026-03-29 12:27:58 INFO     [static_analyzer.lsp_client.client:446] Initialization successful.
2026-03-29 12:27:58 WARNING  [static_analyzer.lsp_client.language_settings:96] Unknown language ID: tsx. No LSP settings available.
2026-03-29 12:27:58 INFO     [static_analyzer:141] Starting LSP client for TypeScript
2026-03-29 12:27:58 INFO     [static_analyzer.lsp_client.typescript_client:44] node_modules found at: /Volumes/MACPC SSD/Downloads/Tech/Link2Video App 2/web/node_modules
2026-03-29 12:27:58 INFO     [static_analyzer.lsp_client.client:139] Starting server /Applications/Antigravity.app/Contents/Frameworks/Antigravity Helper (Plugin).app/Contents/MacOS/Antigravity Helper (Plugin) /Users/dw/.codeboarding/servers/node_modules/typescript-language-server/lib/cli.mjs --stdio --log-level=2...
2026-03-29 12:27:58 INFO     [static_analyzer.lsp_client.typescript_client:57] Initializing connection for typescript...
2026-03-29 12:27:58 INFO     [static_analyzer.lsp_client.typescript_client:88] Initialization successful.
2026-03-29 12:28:10 INFO     [static_analyzer.lsp_client.typescript_client:115] Found 72 TypeScript/JavaScript files
2026-03-29 12:28:10 INFO     [static_analyzer.lsp_client.typescript_client:156] Found configuration file: /Volumes/MACPC SSD/Downloads/Tech/Link2Video App 2/web/tsconfig.json
2026-03-29 12:28:10 INFO     [static_analyzer.lsp_client.typescript_client:156] Found configuration file: /Volumes/MACPC SSD/Downloads/Tech/Link2Video App 2/web/package.json
2026-03-29 12:28:10 INFO     [static_analyzer.lsp_client.typescript_client:167] Opening sample files to bootstrap TypeScript project...
2026-03-29 12:28:10 INFO     [static_analyzer.lsp_client.typescript_client:186] Waiting 5s for TypeScript server to initialize project...
2026-03-29 12:28:15 INFO     [static_analyzer.lsp_client.typescript_client:191] TypeScript project successfully loaded!
2026-03-29 12:28:15 INFO     [static_analyzer.lsp_client.client:460] Sending workspace configuration for typescript...
2026-03-29 12:28:15 INFO     [static_analyzer.lsp_client.client:468] Workspace configuration sent for typescript
2026-03-29 12:28:15 INFO     [codeboarding_pro.session:108] Session b5e21c94-2849-4885-902e-a725524c21d6 initialized: repo=/Volumes/MACPC SSD/Downloads/Tech/Link2Video App 2, project=Link2Video App 2, output=/Volumes/MACPC SSD/Downloads/Tech/Link2Video App 2/.codeboarding
